<?xml version="1.0" encoding="UTF-8"?>
<testsuite xmlns:xsi="http://www.w3.org/2001/XMLSchema-instance" xsi:noNamespaceSchemaLocation="https://maven.apache.org/surefire/maven-surefire-plugin/xsd/surefire-test-report-3.0.xsd" version="3.0" name="TestSuite" time="38.664" tests="17" errors="0" skipped="0" failures="7">
  <properties>
[...]
</properties>
  <testcase name="authToken" classname="com.rest.tests.AutomateBookingAPITest" time="5.113">
    <system-out><![CDATA[HTTP/1.1 200 OK
Server: Cowboy
Connection: keep-alive
X-Powered-By: Express
Content-Type: application/json; charset=utf-8
Content-Length: 27
Etag: W/"1b-6lNqe1RUZLArgFpVm15vz0uOLOw"
Date: Mon, 19 Jul 2021 13:54:51 GMT
Via: 1.1 vegur

{
    "token": "b32fe5fc7351362"
}
Token: b32fe5fc7351362
]]></system-out>
    <system-err><![CDATA[SLF4J: Failed to load class "org.slf4j.impl.StaticLoggerBinder".
SLF4J: Defaulting to no-operation (NOP) logger implementation
SLF4J: See http://www.slf4j.org/codes.html#StaticLoggerBinder for further details.
]]></system-err>
  </testcase>
  <testcase name="createBooking" classname="com.rest.tests.AutomateBookingAPITest" time="2.182">
    <system-out><![CDATA[HTTP/1.1 200 OK
Server: Cowboy
Connection: keep-alive
X-Powered-By: Express
Content-Type: application/json; charset=utf-8
Content-Length: 195
Etag: W/"c3-7xN6g7lKAzLxIMWQop8Kdv8pK1Y"
Date: Mon, 19 Jul 2021 13:54:54 GMT
Via: 1.1 vegur

{
    "bookingid": 17,
    "booking": {
        "firstname": "Jim",
        "lastname": "Brown",
        "totalprice": 111,
        "depositpaid": true,
        "bookingdates": {
            "checkin": "2018-01-01",
            "checkout": "2019-01-01"
        },
        "additionalneeds": "Breakfast"
    }
}
]]></system-out>
  </testcase>
  <testcase name="deleteBooking" classname="com.rest.tests.AutomateBookingAPITest" time="2.001">
    <system-out><![CDATA[Request method:	DELETE
Request URI:	https://restful-booker.herokuapp.com/booking/10
Proxy:			<none>
Request params:	<none>
Query params:	<none>
Form params:	<none>
Path params:	<none>
Headers:		Cookie=token=b32fe5fc7351362
				Accept=*/*
				Content-Type=application/json; charset=UTF-8
Cookies:		<none>
Multiparts:		<none>
Body:			<none>
HTTP/1.1 201 Created
Server: Cowboy
Connection: keep-alive
X-Powered-By: Express
Content-Type: text/plain; charset=utf-8
Content-Length: 7
Etag: W/"7-rM9AyJuqT6iOan/xHh+AW+7K/T8"
Date: Mon, 19 Jul 2021 13:54:56 GMT
Via: 1.1 vegur

Created
]]></system-out>
  </testcase>
  <testcase name="getBookingIds" classname="com.rest.tests.AutomateBookingAPITest" time="2">
    <failure message="&#10;Expected: &lt;14&gt;&#10;     but: was &lt;12&gt;" type="java.lang.AssertionError"><![CDATA[java.lang.AssertionError: 

Expected: <14>
     but: was <12>
	at com.rest.tests.AutomateBookingAPITest.getBookingIds(AutomateBookingAPITest.java:48)
]]></failure>
    <system-out><![CDATA[BookingId: 12
]]></system-out>
  </testcase>
  <testcase name="partialUpdateBooking" classname="com.rest.tests.AutomateBookingAPITest" time="2.117">
    <failure message="1 expectation failed.&#10;Expected status code &lt;200&gt; but was &lt;405&gt;.&#10;" type="java.lang.AssertionError"><![CDATA[java.lang.AssertionError: 
1 expectation failed.
Expected status code <200> but was <405>.

	at com.rest.tests.AutomateBookingAPITest.partialUpdateBooking(AutomateBookingAPITest.java:127)
]]></failure>
    <system-out><![CDATA[Request method:	PATCH
Request URI:	https://restful-booker.herokuapp.com/booking/15
Proxy:			<none>
Request params:	<none>
Query params:	<none>
Form params:	<none>
Path params:	<none>
Headers:		Cookie=token=b32fe5fc7351362
				Accept=*/*
				Content-Type=application/json; charset=UTF-8
Cookies:		<none>
Multiparts:		<none>
Body:
{
    "firstname": "Abhishek",
    "lastname": "Chauhan"
}
HTTP/1.1 405 Method Not Allowed
Server: Cowboy
Connection: keep-alive
X-Powered-By: Express
Content-Type: text/plain; charset=utf-8
Content-Length: 18
Etag: W/"12-UGJMK66P4abaBlq0vKHJaCKuGCA"
Date: Mon, 19 Jul 2021 13:55:00 GMT
Via: 1.1 vegur

Method Not Allowed
]]></system-out>
  </testcase>
  <testcase name="updateBooking" classname="com.rest.tests.AutomateBookingAPITest" time="2.036">
    <system-out><![CDATA[Request method:	PUT
Request URI:	https://restful-booker.herokuapp.com/booking/1
Proxy:			<none>
Request params:	<none>
Query params:	<none>
Form params:	<none>
Path params:	<none>
Headers:		Cookie=token=b32fe5fc7351362
				Accept=*/*
				Content-Type=application/json; charset=UTF-8
Cookies:		<none>
Multiparts:		<none>
Body:
{
    "firstname": "James",
    "lastname": "Brown",
    "totalprice": 444,
    "depositpaid": true,
    "bookingdates": {
        "checkin": "2018-01-01",
        "checkout": "2019-01-01"
    },
    "additionalneeds": "Breakfast"
}
HTTP/1.1 200 OK
Server: Cowboy
Connection: keep-alive
X-Powered-By: Express
Content-Type: application/json; charset=utf-8
Content-Length: 170
Etag: W/"aa-tqLSjGkKpDnsFir+u+x33RTil0I"
Date: Mon, 19 Jul 2021 13:55:02 GMT
Via: 1.1 vegur

{
    "firstname": "James",
    "lastname": "Brown",
    "totalprice": 444,
    "depositpaid": true,
    "bookingdates": {
        "checkin": "2018-01-01",
        "checkout": "2019-01-01"
    },
    "additionalneeds": "Breakfast"
}
]]></system-out>
  </testcase>
  <testcase name="validateStatusCode" classname="com.rest.tests.AutomateBookingAPITest" time="2.011"/>
  <testcase name="authToken" classname="com.rest.tests.RequestResponseBuilderTest" time="1.967">
    <system-out><![CDATA[Request method:	POST
Request URI:	https://restful-booker.herokuapp.com/auth
Proxy:			<none>
Request params:	<none>
Query params:	<none>
Form params:	<none>
Path params:	<none>
Headers:		Accept=*/*
				Content-Type=application/json; charset=UTF-8
Cookies:		<none>
Multiparts:		<none>
Body:
{
    "username": "admin",
    "password": "password123"
}
Token: 06a4f54ae77040b
]]></system-out>
  </testcase>
  <testcase name="getBookingIds" classname="com.rest.tests.RequestResponseBuilderTest" time="1.726">
    <failure message="&#10;Expected: &quot;8&quot;&#10;     but: was &quot;12&quot;" type="java.lang.AssertionError"><![CDATA[java.lang.AssertionError: 

Expected: "8"
     but: was "12"
	at com.rest.tests.RequestResponseBuilderTest.getBookingIds(RequestResponseBuilderTest.java:66)
]]></failure>
    <system-out><![CDATA[Request method:	GET
Request URI:	https://restful-booker.herokuapp.com/booking
Proxy:			<none>
Request params:	<none>
Query params:	<none>
Form params:	<none>
Path params:	<none>
Headers:		Accept=*/*
				Content-Type=application/json; charset=UTF-8
Cookies:		<none>
Multiparts:		<none>
Body:			<none>
]]></system-out>
  </testcase>
  <testcase name="sendJSONObjectAsMap" classname="com.rest.tests.RequestResponseBuilderTest" time="1.958">
    <failure message="Expected response body to be verified as JSON, HTML or XML but content-type &apos;text/plain&apos; is not supported out of the box.&#10;Try registering a custom parser using:&#10;   RestAssured.registerParser(&quot;text/plain&quot;, &lt;parser type&gt;);&#10;Content was:&#10;Method Not Allowed&#10;" type="java.lang.IllegalStateException"><![CDATA[java.lang.IllegalStateException: 
Expected response body to be verified as JSON, HTML or XML but content-type 'text/plain' is not supported out of the box.
Try registering a custom parser using:
   RestAssured.registerParser("text/plain", <parser type>);
Content was:
Method Not Allowed

	at com.rest.tests.RequestResponseBuilderTest.sendJSONObjectAsMap(RequestResponseBuilderTest.java:93)
]]></failure>
    <system-out><![CDATA[Request method:	PATCH
Request URI:	https://restful-booker.herokuapp.com/booking/15
Proxy:			<none>
Request params:	<none>
Query params:	<none>
Form params:	<none>
Path params:	<none>
Headers:		Cookie=token=06a4f54ae77040b
				Accept=*/*
				Content-Type=application/json; charset=UTF-8
Cookies:		<none>
Multiparts:		<none>
Body:
{
    "firstname": "Nisha",
    "lastname": "Chauhan"
}
HTTP/1.1 405 Method Not Allowed
Server: Cowboy
Connection: keep-alive
X-Powered-By: Express
Content-Type: text/plain; charset=utf-8
Content-Length: 18
Etag: W/"12-UGJMK66P4abaBlq0vKHJaCKuGCA"
Date: Mon, 19 Jul 2021 13:55:10 GMT
Via: 1.1 vegur

Method Not Allowed
]]></system-out>
  </testcase>
  <testcase name="sendPayloadAsFile" classname="com.rest.tests.RequestResponseBuilderTest" time="1.982">
    <system-out><![CDATA[Request method:	PATCH
Request URI:	https://restful-booker.herokuapp.com/booking/15
Proxy:			<none>
Request params:	<none>
Query params:	<none>
Form params:	<none>
Path params:	<none>
Headers:		Cookie=token=06a4f54ae77040b
				Accept=*/*
				Content-Type=application/json; charset=UTF-8
Cookies:		<none>
Multiparts:		<none>
Body:
src\main\resources\SendPayloadAsFile.json
]]></system-out>
  </testcase>
  <testcase name="validateJsonSchema" classname="com.rest.tests.RequestResponseBuilderTest" time="2.245">
    <failure message="com.fasterxml.jackson.core.JsonParseException: Unrecognized token &apos;Method&apos;: was expecting (JSON String, Number, Array, Object or token &apos;null&apos;, &apos;true&apos; or &apos;false&apos;)&#10; at [Source: (StringReader); line: 1, column: 7]" type="io.restassured.module.jsv.JsonSchemaValidationException"><![CDATA[io.restassured.module.jsv.JsonSchemaValidationException: 
com.fasterxml.jackson.core.JsonParseException: Unrecognized token 'Method': was expecting (JSON String, Number, Array, Object or token 'null', 'true' or 'false')
 at [Source: (StringReader); line: 1, column: 7]
	at com.rest.tests.RequestResponseBuilderTest.validateJsonSchema(RequestResponseBuilderTest.java:105)
Caused by: com.fasterxml.jackson.core.JsonParseException: 
Unrecognized token 'Method': was expecting (JSON String, Number, Array, Object or token 'null', 'true' or 'false')
 at [Source: (StringReader); line: 1, column: 7]
	at com.rest.tests.RequestResponseBuilderTest.validateJsonSchema(RequestResponseBuilderTest.java:105)
]]></failure>
    <system-out><![CDATA[Request method:	PATCH
Request URI:	https://restful-booker.herokuapp.com/booking/15
Proxy:			<none>
Request params:	<none>
Query params:	<none>
Form params:	<none>
Path params:	<none>
Headers:		Cookie=token=06a4f54ae77040b
				Accept=*/*
				Content-Type=application/json; charset=UTF-8
Cookies:		<none>
Multiparts:		<none>
Body:
src\main\resources\SendPayloadAsFile.json
HTTP/1.1 405 Method Not Allowed
Server: Cowboy
Connection: keep-alive
X-Powered-By: Express
Content-Type: text/plain; charset=utf-8
Content-Length: 18
Etag: W/"12-UGJMK66P4abaBlq0vKHJaCKuGCA"
Date: Mon, 19 Jul 2021 13:55:14 GMT
Via: 1.1 vegur

Method Not Allowed
]]></system-out>
  </testcase>
  <testcase name="authToken" classname="com.rest.tests.RequestResponseSpecificationTest" time="1.709">
    <system-out><![CDATA[Request method:	POST
Request URI:	https://restful-booker.herokuapp.com/auth
Proxy:			<none>
Request params:	<none>
Query params:	<none>
Form params:	<none>
Path params:	<none>
Headers:		Accept=*/*
				Content-Type=application/json; charset=UTF-8
Cookies:		<none>
Multiparts:		<none>
Body:
{
    "username": "admin",
    "password": "password123"
}
Token: 509f37d33a498b7
]]></system-out>
  </testcase>
  <testcase name="getBookingIds" classname="com.rest.tests.RequestResponseSpecificationTest" time="2.043">
    <failure message="&#10;Expected: &quot;4&quot;&#10;     but: was &quot;12&quot;" type="java.lang.AssertionError"><![CDATA[java.lang.AssertionError: 

Expected: "4"
     but: was "12"
	at com.rest.tests.RequestResponseSpecificationTest.getBookingIds(RequestResponseSpecificationTest.java:56)
]]></failure>
    <system-out><![CDATA[Request method:	GET
Request URI:	https://restful-booker.herokuapp.com/booking
Proxy:			<none>
Request params:	<none>
Query params:	<none>
Form params:	<none>
Path params:	<none>
Headers:		Accept=*/*
				Content-Type=application/json; charset=UTF-8
Cookies:		<none>
Multiparts:		<none>
Body:			<none>
]]></system-out>
  </testcase>
  <testcase name="partialUpdateBooking" classname="com.rest.tests.RequestResponseSpecificationTest" time="2.051">
    <system-out><![CDATA[Request method:	PATCH
Request URI:	https://restful-booker.herokuapp.com/booking/15
Proxy:			<none>
Request params:	<none>
Query params:	<none>
Form params:	<none>
Path params:	<none>
Headers:		Accept=*/*
				Cookie=token=509f37d33a498b7
				Content-Type=application/json; charset=UTF-8
Cookies:		<none>
Multiparts:		<none>
Body:
{
    "firstname": "Abhishek",
    "lastname": "Chauhan"
}
Extract Response: Method Not Allowed
]]></system-out>
  </testcase>
  <testcase name="responseTimeUsingResponseOptions" classname="com.rest.tests.ValidateResponseTimeTest" time="2.027">
    <system-out><![CDATA[Response time in ms using getTime():2027
Response time in seconds using getTimeIn():2
]]></system-out>
  </testcase>
  <testcase name="responseTimeUsingValidatableResponseOptionsMethods" classname="com.rest.tests.ValidateResponseTimeTest" time="2.074">
    <failure message="1 expectation failed.&#10;Expected response time was not a value less than &lt;1000L&gt; milliseconds, was 2014 milliseconds (2014 milliseconds)." type="java.lang.AssertionError"><![CDATA[java.lang.AssertionError: 
1 expectation failed.
Expected response time was not a value less than <1000L> milliseconds, was 2014 milliseconds (2014 milliseconds).
	at com.rest.tests.ValidateResponseTimeTest.responseTimeUsingValidatableResponseOptionsMethods(ValidateResponseTimeTest.java:38)
]]></failure>
  </testcase>
</testsuite>