<?xml version="1.0" encoding="UTF-8"?>
<testng-results skipped="0" failed="3" ignored="0" total="17" passed="14">
  <reporter-output>
  </reporter-output>
  <suite name="Surefire suite" duration-ms="34868" started-at="2021-07-25T14:26:17 IST" finished-at="2021-07-25T14:26:52 IST">
    <groups>
    </groups>
    <test name="Surefire test" duration-ms="34868" started-at="2021-07-25T14:26:17 IST" finished-at="2021-07-25T14:26:52 IST">
      <class name="com.rest.tests.RequestResponseBuilderTest">
        <test-method status="PASS" signature="beforeClass()[pri:0, instance:com.rest.tests.RequestResponseBuilderTest@2c9399a4]" name="beforeClass" is-config="true" duration-ms="17" started-at="2021-07-25T14:26:35 IST" finished-at="2021-07-25T14:26:35 IST">
          <reporter-output>
          </reporter-output>
        </test-method> <!-- beforeClass -->
        <test-method status="PASS" signature="authToken()[pri:0, instance:com.rest.tests.RequestResponseBuilderTest@2c9399a4]" name="authToken" duration-ms="1670" started-at="2021-07-25T14:26:35 IST" finished-at="2021-07-25T14:26:37 IST">
          <reporter-output>
          </reporter-output>
        </test-method> <!-- authToken -->
        <test-method status="PASS" signature="getBookingIds()[pri:0, instance:com.rest.tests.RequestResponseBuilderTest@2c9399a4]" name="getBookingIds" duration-ms="1595" started-at="2021-07-25T14:26:37 IST" finished-at="2021-07-25T14:26:38 IST">
          <reporter-output>
          </reporter-output>
        </test-method> <!-- getBookingIds -->
        <test-method status="PASS" signature="sendJSONObjectAsMap()[pri:0, instance:com.rest.tests.RequestResponseBuilderTest@2c9399a4]" name="sendJSONObjectAsMap" duration-ms="1913" started-at="2021-07-25T14:26:38 IST" finished-at="2021-07-25T14:26:40 IST">
          <reporter-output>
          </reporter-output>
        </test-method> <!-- sendJSONObjectAsMap -->
        <test-method status="PASS" signature="sendPayloadAsFile()[pri:0, instance:com.rest.tests.RequestResponseBuilderTest@2c9399a4]" name="sendPayloadAsFile" duration-ms="1628" started-at="2021-07-25T14:26:40 IST" finished-at="2021-07-25T14:26:42 IST">
          <reporter-output>
          </reporter-output>
        </test-method> <!-- sendPayloadAsFile -->
        <test-method status="PASS" signature="validateJsonSchema()[pri:0, instance:com.rest.tests.RequestResponseBuilderTest@2c9399a4]" name="validateJsonSchema" duration-ms="2550" started-at="2021-07-25T14:26:42 IST" finished-at="2021-07-25T14:26:44 IST">
          <reporter-output>
          </reporter-output>
        </test-method> <!-- validateJsonSchema -->
      </class> <!-- com.rest.tests.RequestResponseBuilderTest -->
      <class name="com.rest.tests.RequestResponseSpecificationTest">
        <test-method status="PASS" signature="beforeClass()[pri:0, instance:com.rest.tests.RequestResponseSpecificationTest@191ae03f]" name="beforeClass" is-config="true" duration-ms="2" started-at="2021-07-25T14:26:44 IST" finished-at="2021-07-25T14:26:44 IST">
          <reporter-output>
          </reporter-output>
        </test-method> <!-- beforeClass -->
        <test-method status="PASS" signature="authToken()[pri:0, instance:com.rest.tests.RequestResponseSpecificationTest@191ae03f]" name="authToken" duration-ms="1621" started-at="2021-07-25T14:26:44 IST" finished-at="2021-07-25T14:26:46 IST">
          <reporter-output>
          </reporter-output>
        </test-method> <!-- authToken -->
        <test-method status="FAIL" signature="getBookingIds()[pri:0, instance:com.rest.tests.RequestResponseSpecificationTest@191ae03f]" name="getBookingIds" duration-ms="1629" started-at="2021-07-25T14:26:46 IST" finished-at="2021-07-25T14:26:48 IST">
          <exception class="java.lang.AssertionError">
            <message>
              <![CDATA[
Expected: "4"
     but: was "8"]]>
            </message>
            <full-stacktrace>
              <![CDATA[java.lang.AssertionError: 
Expected: "4"
     but: was "8"
at org.hamcrest.MatcherAssert.assertThat(MatcherAssert.java:18)
at org.hamcrest.MatcherAssert.assertThat(MatcherAssert.java:6)
at com.rest.tests.RequestResponseSpecificationTest.getBookingIds(RequestResponseSpecificationTest.java:56)
at sun.reflect.NativeMethodAccessorImpl.invoke0(Native Method)
at sun.reflect.NativeMethodAccessorImpl.invoke(NativeMethodAccessorImpl.java:62)
at sun.reflect.DelegatingMethodAccessorImpl.invoke(DelegatingMethodAccessorImpl.java:43)
at java.lang.reflect.Method.invoke(Method.java:498)
at org.testng.internal.MethodInvocationHelper.invokeMethod(MethodInvocationHelper.java:132)
at org.testng.internal.TestInvoker.invokeMethod(TestInvoker.java:599)
at org.testng.internal.TestInvoker.invokeTestMethod(TestInvoker.java:174)
at org.testng.internal.MethodRunner.runInSequence(MethodRunner.java:46)
at org.testng.internal.TestInvoker$MethodInvocationAgent.invoke(TestInvoker.java:822)
at org.testng.internal.TestInvoker.invokeTestMethods(TestInvoker.java:147)
at org.testng.internal.TestMethodWorker.invokeTestMethods(TestMethodWorker.java:146)
at org.testng.internal.TestMethodWorker.run(TestMethodWorker.java:128)
at java.util.ArrayList.forEach(ArrayList.java:1259)
at org.testng.TestRunner.privateRun(TestRunner.java:764)
at org.testng.TestRunner.run(TestRunner.java:585)
at org.testng.SuiteRunner.runTest(SuiteRunner.java:384)
at org.testng.SuiteRunner.runSequentially(SuiteRunner.java:378)
at org.testng.SuiteRunner.privateRun(SuiteRunner.java:337)
at org.testng.SuiteRunner.run(SuiteRunner.java:286)
at org.testng.SuiteRunnerWorker.runSuite(SuiteRunnerWorker.java:53)
at org.testng.SuiteRunnerWorker.run(SuiteRunnerWorker.java:96)
at org.testng.TestNG.runSuitesSequentially(TestNG.java:1218)
at org.testng.TestNG.runSuitesLocally(TestNG.java:1140)
at org.testng.TestNG.runSuites(TestNG.java:1069)
at org.testng.TestNG.run(TestNG.java:1037)
at org.apache.maven.surefire.testng.TestNGExecutor.run(TestNGExecutor.java:136)
at org.apache.maven.surefire.testng.TestNGDirectoryTestSuite.executeMulti(TestNGDirectoryTestSuite.java:193)
at org.apache.maven.surefire.testng.TestNGDirectoryTestSuite.execute(TestNGDirectoryTestSuite.java:94)
at org.apache.maven.surefire.testng.TestNGProvider.invoke(TestNGProvider.java:145)
at org.apache.maven.surefire.booter.ForkedBooter.runSuitesInProcess(ForkedBooter.java:428)
at org.apache.maven.surefire.booter.ForkedBooter.execute(ForkedBooter.java:162)
at org.apache.maven.surefire.booter.ForkedBooter.run(ForkedBooter.java:562)
at org.apache.maven.surefire.booter.ForkedBooter.main(ForkedBooter.java:548)
]]>
            </full-stacktrace>
          </exception> <!-- java.lang.AssertionError -->
          <reporter-output>
          </reporter-output>
        </test-method> <!-- getBookingIds -->
        <test-method status="PASS" signature="partialUpdateBooking()[pri:0, instance:com.rest.tests.RequestResponseSpecificationTest@191ae03f]" name="partialUpdateBooking" duration-ms="1579" started-at="2021-07-25T14:26:48 IST" finished-at="2021-07-25T14:26:49 IST">
          <reporter-output>
          </reporter-output>
        </test-method> <!-- partialUpdateBooking -->
      </class> <!-- com.rest.tests.RequestResponseSpecificationTest -->
      <class name="com.rest.tests.ValidateResponseTimeTest">
        <test-method status="PASS" signature="responseTimeUsingResponseOptions()[pri:0, instance:com.rest.tests.ValidateResponseTimeTest@9635fa]" name="responseTimeUsingResponseOptions" duration-ms="1605" started-at="2021-07-25T14:26:49 IST" finished-at="2021-07-25T14:26:51 IST">
          <reporter-output>
          </reporter-output>
        </test-method> <!-- responseTimeUsingResponseOptions -->
        <test-method status="FAIL" signature="responseTimeUsingValidatableResponseOptionsMethods()[pri:0, instance:com.rest.tests.ValidateResponseTimeTest@9635fa]" name="responseTimeUsingValidatableResponseOptionsMethods" duration-ms="1472" started-at="2021-07-25T14:26:51 IST" finished-at="2021-07-25T14:26:52 IST">
          <exception class="java.lang.AssertionError">
            <message>
              <![CDATA[1 expectation failed.
Expected response time was not a value less than <1000L> milliseconds, was 1397 milliseconds (1397 milliseconds).]]>
            </message>
            <full-stacktrace>
              <![CDATA[java.lang.AssertionError: 1 expectation failed.
Expected response time was not a value less than <1000L> milliseconds, was 1397 milliseconds (1397 milliseconds).
at sun.reflect.NativeConstructorAccessorImpl.newInstance0(Native Method)
at sun.reflect.NativeConstructorAccessorImpl.newInstance(NativeConstructorAccessorImpl.java:62)
at sun.reflect.DelegatingConstructorAccessorImpl.newInstance(DelegatingConstructorAccessorImpl.java:45)
at java.lang.reflect.Constructor.newInstance(Constructor.java:423)
at org.codehaus.groovy.reflection.CachedConstructor.invoke(CachedConstructor.java:72)
at org.codehaus.groovy.reflection.CachedConstructor.doConstructorInvoke(CachedConstructor.java:59)
at org.codehaus.groovy.runtime.callsite.ConstructorSite$ConstructorSiteNoUnwrap.callConstructor(ConstructorSite.java:84)
at org.codehaus.groovy.runtime.callsite.CallSiteArray.defaultCallConstructor(CallSiteArray.java:59)
at org.codehaus.groovy.runtime.callsite.AbstractCallSite.callConstructor(AbstractCallSite.java:263)
at org.codehaus.groovy.runtime.callsite.AbstractCallSite.callConstructor(AbstractCallSite.java:277)
at io.restassured.internal.ResponseSpecificationImpl$HamcrestAssertionClosure.validate(ResponseSpecificationImpl.groovy:493)
at io.restassured.internal.ResponseSpecificationImpl$HamcrestAssertionClosure$validate$1.call(Unknown Source)
at io.restassured.internal.ResponseSpecificationImpl.validateResponseIfRequired(ResponseSpecificationImpl.groovy:674)
at sun.reflect.NativeMethodAccessorImpl.invoke0(Native Method)
at sun.reflect.NativeMethodAccessorImpl.invoke(NativeMethodAccessorImpl.java:62)
at sun.reflect.DelegatingMethodAccessorImpl.invoke(DelegatingMethodAccessorImpl.java:43)
at java.lang.reflect.Method.invoke(Method.java:498)
at org.codehaus.groovy.runtime.callsite.PlainObjectMetaMethodSite.doInvoke(PlainObjectMetaMethodSite.java:43)
at org.codehaus.groovy.runtime.callsite.PogoMetaMethodSite$PogoCachedMethodSiteNoUnwrapNoCoerce.invoke(PogoMetaMethodSite.java:193)
at org.codehaus.groovy.runtime.callsite.PogoMetaMethodSite.callCurrent(PogoMetaMethodSite.java:61)
at org.codehaus.groovy.runtime.callsite.CallSiteArray.defaultCallCurrent(CallSiteArray.java:51)
at org.codehaus.groovy.runtime.callsite.AbstractCallSite.callCurrent(AbstractCallSite.java:171)
at org.codehaus.groovy.runtime.callsite.AbstractCallSite.callCurrent(AbstractCallSite.java:185)
at io.restassured.internal.ResponseSpecificationImpl.time(ResponseSpecificationImpl.groovy:118)
at io.restassured.internal.ValidatableResponseOptionsImpl.time(ValidatableResponseOptionsImpl.java:409)
at io.restassured.internal.ValidatableResponseImpl.super$2$time(ValidatableResponseImpl.groovy)
at sun.reflect.NativeMethodAccessorImpl.invoke0(Native Method)
at sun.reflect.NativeMethodAccessorImpl.invoke(NativeMethodAccessorImpl.java:62)
at sun.reflect.DelegatingMethodAccessorImpl.invoke(DelegatingMethodAccessorImpl.java:43)
at java.lang.reflect.Method.invoke(Method.java:498)
at org.codehaus.groovy.reflection.CachedMethod.invoke(CachedMethod.java:107)
at groovy.lang.MetaMethod.doMethodInvoke(MetaMethod.java:323)
at groovy.lang.MetaClassImpl.invokeMethod(MetaClassImpl.java:1268)
at org.codehaus.groovy.runtime.ScriptBytecodeAdapter.invokeMethodOnSuperN(ScriptBytecodeAdapter.java:144)
at io.restassured.internal.ValidatableResponseImpl.time(ValidatableResponseImpl.groovy:58)
at io.restassured.internal.ValidatableResponseImpl.time(ValidatableResponseImpl.groovy)
at io.restassured.internal.ValidatableResponseOptionsImpl.time(ValidatableResponseOptionsImpl.java:405)
at io.restassured.internal.ValidatableResponseImpl.super$2$time(ValidatableResponseImpl.groovy)
at sun.reflect.NativeMethodAccessorImpl.invoke0(Native Method)
at sun.reflect.NativeMethodAccessorImpl.invoke(NativeMethodAccessorImpl.java:62)
at sun.reflect.DelegatingMethodAccessorImpl.invoke(DelegatingMethodAccessorImpl.java:43)
at java.lang.reflect.Method.invoke(Method.java:498)
at org.codehaus.groovy.reflection.CachedMethod.invoke(CachedMethod.java:107)
at groovy.lang.MetaMethod.doMethodInvoke(MetaMethod.java:323)
at groovy.lang.MetaClassImpl.invokeMethod(MetaClassImpl.java:1268)
at org.codehaus.groovy.runtime.ScriptBytecodeAdapter.invokeMethodOnSuperN(ScriptBytecodeAdapter.java:144)
at io.restassured.internal.ValidatableResponseImpl.time(ValidatableResponseImpl.groovy:52)
at io.restassured.internal.ValidatableResponseImpl.time(ValidatableResponseImpl.groovy)
at com.rest.tests.ValidateResponseTimeTest.responseTimeUsingValidatableResponseOptionsMethods(ValidateResponseTimeTest.java:38)
at sun.reflect.NativeMethodAccessorImpl.invoke0(Native Method)
at sun.reflect.NativeMethodAccessorImpl.invoke(NativeMethodAccessorImpl.java:62)
at sun.reflect.DelegatingMethodAccessorImpl.invoke(DelegatingMethodAccessorImpl.java:43)
at java.lang.reflect.Method.invoke(Method.java:498)
at org.testng.internal.MethodInvocationHelper.invokeMethod(MethodInvocationHelper.java:132)
at org.testng.internal.TestInvoker.invokeMethod(TestInvoker.java:599)
at org.testng.internal.TestInvoker.invokeTestMethod(TestInvoker.java:174)
at org.testng.internal.MethodRunner.runInSequence(MethodRunner.java:46)
at org.testng.internal.TestInvoker$MethodInvocationAgent.invoke(TestInvoker.java:822)
at org.testng.internal.TestInvoker.invokeTestMethods(TestInvoker.java:147)
at org.testng.internal.TestMethodWorker.invokeTestMethods(TestMethodWorker.java:146)
at org.testng.internal.TestMethodWorker.run(TestMethodWorker.java:128)
at java.util.ArrayList.forEach(ArrayList.java:1259)
at org.testng.TestRunner.privateRun(TestRunner.java:764)
at org.testng.TestRunner.run(TestRunner.java:585)
at org.testng.SuiteRunner.runTest(SuiteRunner.java:384)
at org.testng.SuiteRunner.runSequentially(SuiteRunner.java:378)
at org.testng.SuiteRunner.privateRun(SuiteRunner.java:337)
at org.testng.SuiteRunner.run(SuiteRunner.java:286)
at org.testng.SuiteRunnerWorker.runSuite(SuiteRunnerWorker.java:53)
at org.testng.SuiteRunnerWorker.run(SuiteRunnerWorker.java:96)
at org.testng.TestNG.runSuitesSequentially(TestNG.java:1218)
at org.testng.TestNG.runSuitesLocally(TestNG.java:1140)
at org.testng.TestNG.runSuites(TestNG.java:1069)
at org.testng.TestNG.run(TestNG.java:1037)
at org.apache.maven.surefire.testng.TestNGExecutor.run(TestNGExecutor.java:136)
at org.apache.maven.surefire.testng.TestNGDirectoryTestSuite.executeMulti(TestNGDirectoryTestSuite.java:193)
at org.apache.maven.surefire.testng.TestNGDirectoryTestSuite.execute(TestNGDirectoryTestSuite.java:94)
at org.apache.maven.surefire.testng.TestNGProvider.invoke(TestNGProvider.java:145)
at org.apache.maven.surefire.booter.ForkedBooter.runSuitesInProcess(ForkedBooter.java:428)
at org.apache.maven.surefire.booter.ForkedBooter.execute(ForkedBooter.java:162)
at org.apache.maven.surefire.booter.ForkedBooter.run(ForkedBooter.java:562)
at org.apache.maven.surefire.booter.ForkedBooter.main(ForkedBooter.java:548)
]]>
            </full-stacktrace>
          </exception> <!-- java.lang.AssertionError -->
          <reporter-output>
          </reporter-output>
        </test-method> <!-- responseTimeUsingValidatableResponseOptionsMethods -->
      </class> <!-- com.rest.tests.ValidateResponseTimeTest -->
      <class name="com.rest.tests.AutomateBookingAPITest">
        <test-method status="PASS" signature="authToken()[pri:0, instance:com.rest.tests.AutomateBookingAPITest@6c67e137]" name="authToken" duration-ms="6817" started-at="2021-07-25T14:26:18 IST" finished-at="2021-07-25T14:26:24 IST">
          <reporter-output>
          </reporter-output>
        </test-method> <!-- authToken -->
        <test-method status="PASS" signature="createBooking()[pri:0, instance:com.rest.tests.AutomateBookingAPITest@6c67e137]" name="createBooking" duration-ms="2001" started-at="2021-07-25T14:26:25 IST" finished-at="2021-07-25T14:26:27 IST">
          <reporter-output>
          </reporter-output>
        </test-method> <!-- createBooking -->
        <test-method status="PASS" signature="deleteBooking()[pri:0, instance:com.rest.tests.AutomateBookingAPITest@6c67e137]" name="deleteBooking" duration-ms="1788" started-at="2021-07-25T14:26:27 IST" finished-at="2021-07-25T14:26:28 IST">
          <reporter-output>
          </reporter-output>
        </test-method> <!-- deleteBooking -->
        <test-method status="FAIL" signature="getBookingIds()[pri:0, instance:com.rest.tests.AutomateBookingAPITest@6c67e137]" name="getBookingIds" duration-ms="1729" started-at="2021-07-25T14:26:28 IST" finished-at="2021-07-25T14:26:30 IST">
          <exception class="java.lang.AssertionError">
            <message>
              <![CDATA[
Expected: <14>
     but: was <8>]]>
            </message>
            <full-stacktrace>
              <![CDATA[java.lang.AssertionError: 
Expected: <14>
     but: was <8>
at org.hamcrest.MatcherAssert.assertThat(MatcherAssert.java:18)
at org.hamcrest.MatcherAssert.assertThat(MatcherAssert.java:6)
at com.rest.tests.AutomateBookingAPITest.getBookingIds(AutomateBookingAPITest.java:48)
at sun.reflect.NativeMethodAccessorImpl.invoke0(Native Method)
at sun.reflect.NativeMethodAccessorImpl.invoke(NativeMethodAccessorImpl.java:62)
at sun.reflect.DelegatingMethodAccessorImpl.invoke(DelegatingMethodAccessorImpl.java:43)
at java.lang.reflect.Method.invoke(Method.java:498)
at org.testng.internal.MethodInvocationHelper.invokeMethod(MethodInvocationHelper.java:132)
at org.testng.internal.TestInvoker.invokeMethod(TestInvoker.java:599)
at org.testng.internal.TestInvoker.invokeTestMethod(TestInvoker.java:174)
at org.testng.internal.MethodRunner.runInSequence(MethodRunner.java:46)
at org.testng.internal.TestInvoker$MethodInvocationAgent.invoke(TestInvoker.java:822)
at org.testng.internal.TestInvoker.invokeTestMethods(TestInvoker.java:147)
at org.testng.internal.TestMethodWorker.invokeTestMethods(TestMethodWorker.java:146)
at org.testng.internal.TestMethodWorker.run(TestMethodWorker.java:128)
at java.util.ArrayList.forEach(ArrayList.java:1259)
at org.testng.TestRunner.privateRun(TestRunner.java:764)
at org.testng.TestRunner.run(TestRunner.java:585)
at org.testng.SuiteRunner.runTest(SuiteRunner.java:384)
at org.testng.SuiteRunner.runSequentially(SuiteRunner.java:378)
at org.testng.SuiteRunner.privateRun(SuiteRunner.java:337)
at org.testng.SuiteRunner.run(SuiteRunner.java:286)
at org.testng.SuiteRunnerWorker.runSuite(SuiteRunnerWorker.java:53)
at org.testng.SuiteRunnerWorker.run(SuiteRunnerWorker.java:96)
at org.testng.TestNG.runSuitesSequentially(TestNG.java:1218)
at org.testng.TestNG.runSuitesLocally(TestNG.java:1140)
at org.testng.TestNG.runSuites(TestNG.java:1069)
at org.testng.TestNG.run(TestNG.java:1037)
at org.apache.maven.surefire.testng.TestNGExecutor.run(TestNGExecutor.java:136)
at org.apache.maven.surefire.testng.TestNGDirectoryTestSuite.executeMulti(TestNGDirectoryTestSuite.java:193)
at org.apache.maven.surefire.testng.TestNGDirectoryTestSuite.execute(TestNGDirectoryTestSuite.java:94)
at org.apache.maven.surefire.testng.TestNGProvider.invoke(TestNGProvider.java:145)
at org.apache.maven.surefire.booter.ForkedBooter.runSuitesInProcess(ForkedBooter.java:428)
at org.apache.maven.surefire.booter.ForkedBooter.execute(ForkedBooter.java:162)
at org.apache.maven.surefire.booter.ForkedBooter.run(ForkedBooter.java:562)
at org.apache.maven.surefire.booter.ForkedBooter.main(ForkedBooter.java:548)
]]>
            </full-stacktrace>
          </exception> <!-- java.lang.AssertionError -->
          <reporter-output>
          </reporter-output>
        </test-method> <!-- getBookingIds -->
        <test-method status="PASS" signature="partialUpdateBooking()[pri:0, instance:com.rest.tests.AutomateBookingAPITest@6c67e137]" name="partialUpdateBooking" duration-ms="1612" started-at="2021-07-25T14:26:30 IST" finished-at="2021-07-25T14:26:32 IST">
          <reporter-output>
          </reporter-output>
        </test-method> <!-- partialUpdateBooking -->
        <test-method status="PASS" signature="updateBooking()[pri:0, instance:com.rest.tests.AutomateBookingAPITest@6c67e137]" name="updateBooking" duration-ms="1585" started-at="2021-07-25T14:26:32 IST" finished-at="2021-07-25T14:26:33 IST">
          <reporter-output>
          </reporter-output>
        </test-method> <!-- updateBooking -->
        <test-method status="PASS" signature="validateStatusCode()[pri:0, instance:com.rest.tests.AutomateBookingAPITest@6c67e137]" name="validateStatusCode" duration-ms="1587" started-at="2021-07-25T14:26:33 IST" finished-at="2021-07-25T14:26:35 IST">
          <reporter-output>
          </reporter-output>
        </test-method> <!-- validateStatusCode -->
      </class> <!-- com.rest.tests.AutomateBookingAPITest -->
    </test> <!-- Surefire test -->
  </suite> <!-- Surefire suite -->
</testng-results>
