<?xml version="1.0" encoding="UTF-8"?>
<testsuite xmlns:xsi="http://www.w3.org/2001/XMLSchema-instance" xsi:noNamespaceSchemaLocation="https://maven.apache.org/surefire/maven-surefire-plugin/xsd/surefire-test-report-3.0.xsd" version="3.0" name="TestSuite" time="36.092" tests="17" errors="0" skipped="0" failures="3">
  <properties>
[...]
</properties>
  <testcase name="authToken" classname="com.rest.tests.AutomateBookingAPITest" time="6.858">
    <system-out><![CDATA[HTTP/1.1 200 OK
Server: Cowboy
Connection: keep-alive
X-Powered-By: Express
Content-Type: application/json; charset=utf-8
Content-Length: 27
Etag: W/"1b-a8yjdz0vud/gPT16kQCOkVRUhCM"
Date: Sun, 25 Jul 2021 08:56:22 GMT
Via: 1.1 vegur

{
    "token": "ab9e0858cc31daf"
}
Token: ab9e0858cc31daf
]]></system-out>
    <system-err><![CDATA[SLF4J: Failed to load class "org.slf4j.impl.StaticLoggerBinder".
SLF4J: Defaulting to no-operation (NOP) logger implementation
SLF4J: See http://www.slf4j.org/codes.html#StaticLoggerBinder for further details.
]]></system-err>
  </testcase>
  <testcase name="createBooking" classname="com.rest.tests.AutomateBookingAPITest" time="2.045">
    <system-out><![CDATA[HTTP/1.1 200 OK
Server: Cowboy
Connection: keep-alive
X-Powered-By: Express
Content-Type: application/json; charset=utf-8
Content-Length: 195
Etag: W/"c3-/fHWC0OF9UP+CtAbl1CFVSOEifI"
Date: Sun, 25 Jul 2021 08:56:26 GMT
Via: 1.1 vegur

{
    "bookingid": 23,
    "booking": {
        "firstname": "Jim",
        "lastname": "Brown",
        "totalprice": 111,
        "depositpaid": true,
        "bookingdates": {
            "checkin": "2018-01-01",
            "checkout": "2019-01-01"
        },
        "additionalneeds": "Breakfast"
    }
}
]]></system-out>
  </testcase>
  <testcase name="deleteBooking" classname="com.rest.tests.AutomateBookingAPITest" time="1.82">
    <system-out><![CDATA[Request method:	DELETE
Request URI:	https://restful-booker.herokuapp.com/booking/10
Proxy:			<none>
Request params:	<none>
Query params:	<none>
Form params:	<none>
Path params:	<none>
Headers:		Cookie=token=ab9e0858cc31daf
				Accept=*/*
				Content-Type=application/json; charset=UTF-8
Cookies:		<none>
Multiparts:		<none>
Body:			<none>
HTTP/1.1 201 Created
Server: Cowboy
Connection: keep-alive
X-Powered-By: Express
Content-Type: text/plain; charset=utf-8
Content-Length: 7
Etag: W/"7-rM9AyJuqT6iOan/xHh+AW+7K/T8"
Date: Sun, 25 Jul 2021 08:56:28 GMT
Via: 1.1 vegur

Created
]]></system-out>
  </testcase>
  <testcase name="getBookingIds" classname="com.rest.tests.AutomateBookingAPITest" time="1.676">
    <failure message="&#10;Expected: &lt;14&gt;&#10;     but: was &lt;8&gt;" type="java.lang.AssertionError"><![CDATA[java.lang.AssertionError: 

Expected: <14>
     but: was <8>
	at com.rest.tests.AutomateBookingAPITest.getBookingIds(AutomateBookingAPITest.java:48)
]]></failure>
    <system-out><![CDATA[BookingId: 8
]]></system-out>
  </testcase>
  <testcase name="partialUpdateBooking" classname="com.rest.tests.AutomateBookingAPITest" time="1.7">
    <system-out><![CDATA[Request method:	PATCH
Request URI:	https://restful-booker.herokuapp.com/booking/15
Proxy:			<none>
Request params:	<none>
Query params:	<none>
Form params:	<none>
Path params:	<none>
Headers:		Cookie=token=ab9e0858cc31daf
				Accept=*/*
				Content-Type=application/json; charset=UTF-8
Cookies:		<none>
Multiparts:		<none>
Body:
{
    "firstname": "Abhishek",
    "lastname": "Chauhan"
}
HTTP/1.1 200 OK
Server: Cowboy
Connection: keep-alive
X-Powered-By: Express
Content-Type: application/json; charset=utf-8
Content-Length: 175
Etag: W/"af-/7hQfvGE2oPPIJr64Q8U+qnNDWo"
Date: Sun, 25 Jul 2021 08:56:32 GMT
Via: 1.1 vegur

{
    "firstname": "Abhishek",
    "lastname": "Chauhan",
    "totalprice": 111,
    "depositpaid": true,
    "bookingdates": {
        "checkin": "2013-02-23",
        "checkout": "2014-10-23"
    },
    "additionalneeds": "Breakfast"
}
]]></system-out>
  </testcase>
  <testcase name="updateBooking" classname="com.rest.tests.AutomateBookingAPITest" time="1.607">
    <system-out><![CDATA[Request method:	PUT
Request URI:	https://restful-booker.herokuapp.com/booking/1
Proxy:			<none>
Request params:	<none>
Query params:	<none>
Form params:	<none>
Path params:	<none>
Headers:		Cookie=token=ab9e0858cc31daf
				Accept=*/*
				Content-Type=application/json; charset=UTF-8
Cookies:		<none>
Multiparts:		<none>
Body:
{
    "firstname": "James",
    "lastname": "Brown",
    "totalprice": 444,
    "depositpaid": true,
    "bookingdates": {
        "checkin": "2018-01-01",
        "checkout": "2019-01-01"
    },
    "additionalneeds": "Breakfast"
}
HTTP/1.1 200 OK
Server: Cowboy
Connection: keep-alive
X-Powered-By: Express
Content-Type: application/json; charset=utf-8
Content-Length: 170
Etag: W/"aa-tqLSjGkKpDnsFir+u+x33RTil0I"
Date: Sun, 25 Jul 2021 08:56:33 GMT
Via: 1.1 vegur

{
    "firstname": "James",
    "lastname": "Brown",
    "totalprice": 444,
    "depositpaid": true,
    "bookingdates": {
        "checkin": "2018-01-01",
        "checkout": "2019-01-01"
    },
    "additionalneeds": "Breakfast"
}
]]></system-out>
  </testcase>
  <testcase name="validateStatusCode" classname="com.rest.tests.AutomateBookingAPITest" time="1.504"/>
  <testcase name="authToken" classname="com.rest.tests.RequestResponseBuilderTest" time="1.696">
    <system-out><![CDATA[Request method:	POST
Request URI:	https://restful-booker.herokuapp.com/auth
Proxy:			<none>
Request params:	<none>
Query params:	<none>
Form params:	<none>
Path params:	<none>
Headers:		Accept=*/*
				Content-Type=application/json; charset=UTF-8
Cookies:		<none>
Multiparts:		<none>
Body:
{
    "username": "admin",
    "password": "password123"
}
Token: c03d0a05090f252
]]></system-out>
  </testcase>
  <testcase name="getBookingIds" classname="com.rest.tests.RequestResponseBuilderTest" time="1.593">
    <system-out><![CDATA[Request method:	GET
Request URI:	https://restful-booker.herokuapp.com/booking
Proxy:			<none>
Request params:	<none>
Query params:	<none>
Form params:	<none>
Path params:	<none>
Headers:		Accept=*/*
				Content-Type=application/json; charset=UTF-8
Cookies:		<none>
Multiparts:		<none>
Body:			<none>
]]></system-out>
  </testcase>
  <testcase name="sendJSONObjectAsMap" classname="com.rest.tests.RequestResponseBuilderTest" time="1.951">
    <system-out><![CDATA[Request method:	PATCH
Request URI:	https://restful-booker.herokuapp.com/booking/15
Proxy:			<none>
Request params:	<none>
Query params:	<none>
Form params:	<none>
Path params:	<none>
Headers:		Cookie=token=c03d0a05090f252
				Accept=*/*
				Content-Type=application/json; charset=UTF-8
Cookies:		<none>
Multiparts:		<none>
Body:
{
    "firstname": "Nisha",
    "lastname": "Chauhan"
}
HTTP/1.1 200 OK
Server: Cowboy
Connection: keep-alive
X-Powered-By: Express
Content-Type: application/json; charset=utf-8
Content-Length: 172
Etag: W/"ac-PlV7wJ6AsRuYl8UD8JJcSBsWxfw"
Date: Sun, 25 Jul 2021 08:56:40 GMT
Via: 1.1 vegur

{
    "firstname": "Nisha",
    "lastname": "Chauhan",
    "totalprice": 111,
    "depositpaid": true,
    "bookingdates": {
        "checkin": "2013-02-23",
        "checkout": "2014-10-23"
    },
    "additionalneeds": "Breakfast"
}
]]></system-out>
  </testcase>
  <testcase name="sendPayloadAsFile" classname="com.rest.tests.RequestResponseBuilderTest" time="1.613">
    <system-out><![CDATA[Request method:	PATCH
Request URI:	https://restful-booker.herokuapp.com/booking/15
Proxy:			<none>
Request params:	<none>
Query params:	<none>
Form params:	<none>
Path params:	<none>
Headers:		Cookie=token=c03d0a05090f252
				Accept=*/*
				Content-Type=application/json; charset=UTF-8
Cookies:		<none>
Multiparts:		<none>
Body:
src\main\resources\SendPayloadAsFile.json
]]></system-out>
  </testcase>
  <testcase name="validateJsonSchema" classname="com.rest.tests.RequestResponseBuilderTest" time="2.563">
    <system-out><![CDATA[Request method:	PATCH
Request URI:	https://restful-booker.herokuapp.com/booking/15
Proxy:			<none>
Request params:	<none>
Query params:	<none>
Form params:	<none>
Path params:	<none>
Headers:		Cookie=token=c03d0a05090f252
				Accept=*/*
				Content-Type=application/json; charset=UTF-8
Cookies:		<none>
Multiparts:		<none>
Body:
src\main\resources\SendPayloadAsFile.json
HTTP/1.1 200 OK
Server: Cowboy
Connection: keep-alive
X-Powered-By: Express
Content-Type: application/json; charset=utf-8
Content-Length: 175
Etag: W/"af-/7hQfvGE2oPPIJr64Q8U+qnNDWo"
Date: Sun, 25 Jul 2021 08:56:43 GMT
Via: 1.1 vegur

{
    "firstname": "Abhishek",
    "lastname": "Chauhan",
    "totalprice": 111,
    "depositpaid": true,
    "bookingdates": {
        "checkin": "2013-02-23",
        "checkout": "2014-10-23"
    },
    "additionalneeds": "Breakfast"
}
]]></system-out>
  </testcase>
  <testcase name="authToken" classname="com.rest.tests.RequestResponseSpecificationTest" time="1.607">
    <system-out><![CDATA[Request method:	POST
Request URI:	https://restful-booker.herokuapp.com/auth
Proxy:			<none>
Request params:	<none>
Query params:	<none>
Form params:	<none>
Path params:	<none>
Headers:		Accept=*/*
				Content-Type=application/json; charset=UTF-8
Cookies:		<none>
Multiparts:		<none>
Body:
{
    "username": "admin",
    "password": "password123"
}
Token: 4144f69e812390c
]]></system-out>
  </testcase>
  <testcase name="getBookingIds" classname="com.rest.tests.RequestResponseSpecificationTest" time="1.636">
    <failure message="&#10;Expected: &quot;4&quot;&#10;     but: was &quot;8&quot;" type="java.lang.AssertionError"><![CDATA[java.lang.AssertionError: 

Expected: "4"
     but: was "8"
	at com.rest.tests.RequestResponseSpecificationTest.getBookingIds(RequestResponseSpecificationTest.java:56)
]]></failure>
    <system-out><![CDATA[Request method:	GET
Request URI:	https://restful-booker.herokuapp.com/booking
Proxy:			<none>
Request params:	<none>
Query params:	<none>
Form params:	<none>
Path params:	<none>
Headers:		Accept=*/*
				Content-Type=application/json; charset=UTF-8
Cookies:		<none>
Multiparts:		<none>
Body:			<none>
]]></system-out>
  </testcase>
  <testcase name="partialUpdateBooking" classname="com.rest.tests.RequestResponseSpecificationTest" time="1.607">
    <system-out><![CDATA[Request method:	PATCH
Request URI:	https://restful-booker.herokuapp.com/booking/15
Proxy:			<none>
Request params:	<none>
Query params:	<none>
Form params:	<none>
Path params:	<none>
Headers:		Accept=*/*
				Cookie=token=4144f69e812390c
				Content-Type=application/json; charset=UTF-8
Cookies:		<none>
Multiparts:		<none>
Body:
{
    "firstname": "Abhishek",
    "lastname": "Chauhan"
}
Extract Response: {"firstname":"Abhishek","lastname":"Chauhan","totalprice":111,"depositpaid":true,"bookingdates":{"checkin":"2013-02-23","checkout":"2014-10-23"},"additionalneeds":"Breakfast"}
]]></system-out>
  </testcase>
  <testcase name="responseTimeUsingResponseOptions" classname="com.rest.tests.ValidateResponseTimeTest" time="1.555">
    <system-out><![CDATA[Response time in ms using getTime():1585
Response time in seconds using getTimeIn():1
]]></system-out>
  </testcase>
  <testcase name="responseTimeUsingValidatableResponseOptionsMethods" classname="com.rest.tests.ValidateResponseTimeTest" time="1.48">
    <failure message="1 expectation failed.&#10;Expected response time was not a value less than &lt;1000L&gt; milliseconds, was 1397 milliseconds (1397 milliseconds)." type="java.lang.AssertionError"><![CDATA[java.lang.AssertionError: 
1 expectation failed.
Expected response time was not a value less than <1000L> milliseconds, was 1397 milliseconds (1397 milliseconds).
	at com.rest.tests.ValidateResponseTimeTest.responseTimeUsingValidatableResponseOptionsMethods(ValidateResponseTimeTest.java:38)
]]></failure>
  </testcase>
</testsuite>